F:\vectorbots\Debug\cl.command.1.tlog
F:\vectorbots\Debug\CL.read.1.tlog
F:\vectorbots\Debug\CL.write.1.tlog
F:\vectorbots\Debug\link.command.1.tlog
F:\vectorbots\Debug\link.read.1.tlog
F:\vectorbots\Debug\link.write.1.tlog
F:\VECTORBOTS\DEBUG\MAIN.OBJ
F:\vectorbots\Debug\mt.command.1.tlog
F:\vectorbots\Debug\mt.read.1.tlog
F:\vectorbots\Debug\mt.write.1.tlog
F:\vectorbots\Debug\vc100.idb
F:\VECTORBOTS\DEBUG\VC100.PDB
F:\VECTORBOTS\DEBUG\VEC3F.OBJ
F:\VECTORBOTS\DEBUG\VECTORBOTS.EXE
F:\VECTORBOTS\DEBUG\VECTORBOTS.EXE.INTERMEDIATE.MANIFEST
F:\vectorbots\Debug\Vectorbots.exp
F:\VECTORBOTS\DEBUG\VECTORBOTS.ILK
F:\vectorbots\Debug\Vectorbots.lib
F:\VECTORBOTS\DEBUG\VECTORBOTS.PDB
F:\vectorbots\Debug\Vectorbots.write.1.tlog
