Build started 7/7/2017 10:04:38 AM.
     1>Project "F:\vectorbots\Vectorbots.vcxproj" on node 2 (rebuild target(s)).
     1>Building with tools version "4.0".
     1>Target "_CheckForInvalidConfigurationAndPlatform" in file "C:\Windows\Microsoft.NET\Framework\v4.0.30319\Microsoft.Common.Targets" from project "F:\vectorbots\Vectorbots.vcxproj" (entry point):
       Task "Error" skipped, due to false condition; ( '$(_InvalidConfigurationError)' == 'true' ) was evaluated as ( '' == 'true' ).
       Task "Warning" skipped, due to false condition; ( '$(_InvalidConfigurationWarning)' == 'true' ) was evaluated as ( '' == 'true' ).
       Using "Message" task from assembly "Microsoft.Build.Tasks.v4.0, Version=4.0.0.0, Culture=neutral, PublicKeyToken=b03f5f7f11d50a3a".
       Task "Message"
         Configuration=Debug
       Done executing task "Message".
       Task "Message"
         Platform=Win32
       Done executing task "Message".
       Task "Error" skipped, due to false condition; ('$(OutDir)' != '' and !HasTrailingSlash('$(OutDir)')) was evaluated as ('F:\vectorbots\Debug\' != '' and !HasTrailingSlash('F:\vectorbots\Debug\')).
       Task "Error" skipped, due to false condition; ('$(BaseIntermediateOutputPath)' != '' and !HasTrailingSlash('$(BaseIntermediateOutputPath)')) was evaluated as ('obj\' != '' and !HasTrailingSlash('obj\')).
       Task "Error" skipped, due to false condition; ('$(IntermediateOutputPath)' != '' and !HasTrailingSlash('$(IntermediateOutputPath)')) was evaluated as ('Debug\' != '' and !HasTrailingSlash('Debug\')).
     1>Done building target "_CheckForInvalidConfigurationAndPlatform" in project "Vectorbots.vcxproj".
     1>Target "_DetermineManagedStateFromCL" in file "C:\Program Files (x86)\MSBuild\Microsoft.Cpp\v4.0\Microsoft.CppBuild.targets" from project "F:\vectorbots\Vectorbots.vcxproj" (target "Rebuild" depends on it):
     1>Done building target "_DetermineManagedStateFromCL" in project "Vectorbots.vcxproj".
     1>Target "_PrepareForRebuild" in file "C:\Program Files (x86)\MSBuild\Microsoft.Cpp\v4.0\Microsoft.BuildSteps.Targets" from project "F:\vectorbots\Vectorbots.vcxproj" (target "Rebuild" depends on it):
     1>Done building target "_PrepareForRebuild" in project "Vectorbots.vcxproj".
     1>Target "BeforeRebuild" in file "C:\Windows\Microsoft.NET\Framework\v4.0.30319\Microsoft.Common.Targets" from project "F:\vectorbots\Vectorbots.vcxproj" (target "Rebuild" depends on it):
     1>Done building target "BeforeRebuild" in project "Vectorbots.vcxproj".
     1>Target "_PrepareForClean" in file "C:\Program Files (x86)\MSBuild\Microsoft.Cpp\v4.0\Microsoft.BuildSteps.Targets" from project "F:\vectorbots\Vectorbots.vcxproj" (target "Clean" depends on it):
       Using "Delete" task from assembly "Microsoft.Build.Tasks.v4.0, Version=4.0.0.0, Culture=neutral, PublicKeyToken=b03f5f7f11d50a3a".
       Task "Delete"
         Deleting file "Debug\Vectorbots.lastbuildstate".
       Done executing task "Delete".
     1>Done building target "_PrepareForClean" in project "Vectorbots.vcxproj".
     1>Target "BeforeClean" in file "C:\Windows\Microsoft.NET\Framework\v4.0.30319\Microsoft.Common.Targets" from project "F:\vectorbots\Vectorbots.vcxproj" (target "Clean" depends on it):
     1>Done building target "BeforeClean" in project "Vectorbots.vcxproj".
       Target "UnmanagedUnregistration" skipped, due to false condition; ((('$(_AssemblyTimestampBeforeCompile)' != '$(_AssemblyTimestampAfterCompile)' or '$(RegisterForComInterop)' != 'true' or '$(OutputType)' != 'library') or
                           ('$(_AssemblyTimestampBeforeCompile)' == '')) and
                          Exists('@(_UnmanagedRegistrationCache)')) was evaluated as ((('' != '' or '' != 'true' or 'exe' != 'library') or
                           ('' == '')) and
                          Exists('obj\Vectorbots.vcxproj.UnmanagedRegistration.cache')).
     1>Target "CoreClean" in file "C:\Windows\Microsoft.NET\Framework\v4.0.30319\Microsoft.Common.Targets" from project "F:\vectorbots\Vectorbots.vcxproj" (target "Clean" depends on it):
       Task "Delete"
       Done executing task "Delete".
       Using "ReadLinesFromFile" task from assembly "Microsoft.Build.Tasks.v4.0, Version=4.0.0.0, Culture=neutral, PublicKeyToken=b03f5f7f11d50a3a".
       Task "ReadLinesFromFile"
       Done executing task "ReadLinesFromFile".
       Using "FindUnderPath" task from assembly "Microsoft.Build.Tasks.v4.0, Version=4.0.0.0, Culture=neutral, PublicKeyToken=b03f5f7f11d50a3a".
       Task "FindUnderPath"
         Comparison path is "F:\vectorbots\Debug\".
       Done executing task "FindUnderPath".
       Task "FindUnderPath"
         Comparison path is "Debug\".
       Done executing task "FindUnderPath".
       Task "Delete"
       Done executing task "Delete".
       Using "RemoveDuplicates" task from assembly "Microsoft.Build.Tasks.v4.0, Version=4.0.0.0, Culture=neutral, PublicKeyToken=b03f5f7f11d50a3a".
       Task "RemoveDuplicates"
       Done executing task "RemoveDuplicates".
       Using "MakeDir" task from assembly "Microsoft.Build.Tasks.v4.0, Version=4.0.0.0, Culture=neutral, PublicKeyToken=b03f5f7f11d50a3a".
       Task "MakeDir"
       Done executing task "MakeDir".
       Using "WriteLinesToFile" task from assembly "Microsoft.Build.Tasks.v4.0, Version=4.0.0.0, Culture=neutral, PublicKeyToken=b03f5f7f11d50a3a".
       Task "WriteLinesToFile"
       Done executing task "WriteLinesToFile".
     1>Done building target "CoreClean" in project "Vectorbots.vcxproj".
     1>Target "AssignProjectConfiguration" in file "C:\Windows\Microsoft.NET\Framework\v4.0.30319\Microsoft.Common.Targets" from project "F:\vectorbots\Vectorbots.vcxproj" (target "CleanReferencedProjects" depends on it):
       Using "AssignProjectConfiguration" task from assembly "Microsoft.Build.Tasks.v4.0, Version=4.0.0.0, Culture=neutral, PublicKeyToken=b03f5f7f11d50a3a".
       Task "AssignProjectConfiguration"
       Done executing task "AssignProjectConfiguration".
     1>Done building target "AssignProjectConfiguration" in project "Vectorbots.vcxproj".
     1>Target "_SplitProjectReferencesByFileExistence" in file "C:\Windows\Microsoft.NET\Framework\v4.0.30319\Microsoft.Common.Targets" from project "F:\vectorbots\Vectorbots.vcxproj" (target "CleanReferencedProjects" depends on it):
       Task "ResolveNonMSBuildProjectOutput" skipped, due to false condition; ('$(BuildingInsideVisualStudio)'=='true' and '@(ProjectReferenceWithConfiguration)'!='') was evaluated as ('true'=='true' and ''!='').
     1>Done building target "_SplitProjectReferencesByFileExistence" in project "Vectorbots.vcxproj".
     1>Target "CleanReferencedProjects" in file "C:\Windows\Microsoft.NET\Framework\v4.0.30319\Microsoft.Common.Targets" from project "F:\vectorbots\Vectorbots.vcxproj" (target "Clean" depends on it):
       Task "MSBuild" skipped, due to false condition; ('$(BuildingInsideVisualStudio)' != 'true' and '$(BuildProjectReferences)' == 'true' and '@(_MSBuildProjectReferenceExistent)' != '') was evaluated as ('true' != 'true' and 'true' == 'true' and '' != '').
     1>Done building target "CleanReferencedProjects" in project "Vectorbots.vcxproj".
     1>Target "CleanPublishFolder" in file "C:\Windows\Microsoft.NET\Framework\v4.0.30319\Microsoft.Common.Targets" from project "F:\vectorbots\Vectorbots.vcxproj" (target "Clean" depends on it):
       Task "RemoveDir" skipped, due to false condition; ('$(PublishDir)'=='$(OutputPath)app.publish\' and Exists('$(PublishDir)')) was evaluated as ('F:\vectorbots\Debug\app.publish\'=='F:\vectorbots\Debug\app.publish\' and Exists('F:\vectorbots\Debug\app.publish\')).
     1>Done building target "CleanPublishFolder" in project "Vectorbots.vcxproj".
     1>Target "AfterClean" in file "C:\Windows\Microsoft.NET\Framework\v4.0.30319\Microsoft.Common.Targets" from project "F:\vectorbots\Vectorbots.vcxproj" (target "Clean" depends on it):
     1>Done building target "AfterClean" in project "Vectorbots.vcxproj".
       Target "EntityClean" skipped, due to false condition; ('@(EntityDeploy)' != '') was evaluated as ('' != '').
     1>Target "BeforeCppClean" in file "C:\Program Files (x86)\MSBuild\Microsoft.Cpp\v4.0\Microsoft.CppClean.targets" from project "F:\vectorbots\Vectorbots.vcxproj" (target "CppClean" depends on it):
     1>Done building target "BeforeCppClean" in project "Vectorbots.vcxproj".
     1>Target "CoreCppClean" in file "C:\Program Files (x86)\MSBuild\Microsoft.Cpp\v4.0\Microsoft.CppClean.targets" from project "F:\vectorbots\Vectorbots.vcxproj" (target "CppClean" depends on it):
       Task "MakeDir"
       Done executing task "MakeDir".
       Using "CppClean" task from assembly "Microsoft.Build.CppTasks.Common, Version=4.0.0.0, Culture=neutral, PublicKeyToken=b03f5f7f11d50a3a".
       Task "CppClean"
       Done executing task "CppClean".
       Task "WriteLinesToFile"
       Done executing task "WriteLinesToFile".
     1>Done building target "CoreCppClean" in project "Vectorbots.vcxproj".
     1>Target "AfterCppClean" in file "C:\Program Files (x86)\MSBuild\Microsoft.Cpp\v4.0\Microsoft.CppClean.targets" from project "F:\vectorbots\Vectorbots.vcxproj" (target "CppClean" depends on it):
     1>Done building target "AfterCppClean" in project "Vectorbots.vcxproj".
     1>Target "PGInstrumentedClean" in file "C:\Program Files (x86)\MSBuild\Microsoft.Cpp\v4.0\Microsoft.CppClean.targets" from project "F:\vectorbots\Vectorbots.vcxproj" (target "CppClean" depends on it):
       Task "Delete"
       Done executing task "Delete".
     1>Done building target "PGInstrumentedClean" in project "Vectorbots.vcxproj".
     1>Target "CppClean" in file "C:\Program Files (x86)\MSBuild\Microsoft.Cpp\v4.0\Microsoft.CppClean.targets" from project "F:\vectorbots\Vectorbots.vcxproj" (target "Clean" depends on it):
     1>Done building target "CppClean" in project "Vectorbots.vcxproj".
     1>Target "Clean" in file "C:\Windows\Microsoft.NET\Framework\v4.0.30319\Microsoft.Common.Targets" from project "F:\vectorbots\Vectorbots.vcxproj" (target "Rebuild" depends on it):
     1>Done building target "Clean" in project "Vectorbots.vcxproj".
       Target "_DetermineManagedStateFromCL" skipped. Previously built successfully.
     1>Target "_PrepareForBuild" in file "C:\Program Files (x86)\MSBuild\Microsoft.Cpp\v4.0\Microsoft.BuildSteps.Targets" from project "F:\vectorbots\Vectorbots.vcxproj" (target "Build" depends on it):
     1>Done building target "_PrepareForBuild" in project "Vectorbots.vcxproj".
     1>Target "SetBuildDefaultEnvironmentVariables" in file "C:\Program Files (x86)\MSBuild\Microsoft.Cpp\v4.0\Microsoft.Cpp.targets" from project "F:\vectorbots\Vectorbots.vcxproj" (target "Build" depends on it):
       Using "SetEnv" task from assembly "Microsoft.Build.CppTasks.Common, Version=4.0.0.0, Culture=neutral, PublicKeyToken=b03f5f7f11d50a3a".
       Task "SetEnv"
         PATH=C:\Program Files (x86)\Microsoft Visual Studio 10.0\VC\bin;C:\Program Files (x86)\Microsoft SDKs\Windows\v7.0A\bin\NETFX 4.0 Tools;C:\Program Files (x86)\Microsoft SDKs\Windows\v7.0A\bin;C:\Program Files (x86)\Microsoft Visual Studio 10.0\Common7\Tools\bin;C:\Program Files (x86)\Microsoft Visual Studio 10.0\Common7\tools;C:\Program Files (x86)\Microsoft Visual Studio 10.0\Common7\ide;C:\Program Files (x86)\HTML Help Workshop;C:\Program Files (x86)\Microsoft SDKs\Windows\v7.0A\\bin;C:\Windows\Microsoft.NET\Framework\v4.0.30319\;C:\Program Files (x86)\Microsoft Visual Studio 10.0\;C:\Windows\SysWow64;;C:\ProgramData\Oracle\Java\javapath;C:\Perl64\site\bin;C:\Perl64\bin;C:\Windows\system32;C:\Windows;C:\Windows\System32\Wbem;C:\Windows\System32\WindowsPowerShell\v1.0\;C:\Program Files\VanDyke Software\Clients\;c:\Program Files (x86)\Microsoft SQL Server\100\Tools\Binn\;c:\Program Files\Microsoft SQL Server\100\Tools\Binn\;c:\Program Files\Microsoft SQL Server\100\DTS\Binn\;C:\Program Files (x86)\Windows Kits\8.1\Windows Performance Toolkit\;C:\Program Files\Microsoft SQL Server\110\Tools\Binn\;C:\Program Files (x86)\Microsoft SDKs\TypeScript\1.0\;C:\Program Files\Microsoft SQL Server\120\Tools\Binn\;C:\Program Files (x86)\Microsoft SQL Server\110\Tools\Binn\ManagementStudio\;C:\Program Files (x86)\Microsoft SQL Server\110\Tools\Binn\;C:\Program Files (x86)\Microsoft SQL Server\110\DTS\Binn\;C:\Program Files\TortoiseHg\;C:\Program Files (x86)\Windows Kits\10\Windows Performance Toolkit\;C:\Program Files (x86)\QuickTime\QTSystem\;C:\Program Files\TortoiseGit\bin;
       Done executing task "SetEnv".
       Task "SetEnv" skipped, due to false condition; ('$(_IsNativeEnvironment)' == 'true') was evaluated as ('' == 'true').
       Task "SetEnv"
         LIB=C:\Program Files (x86)\Microsoft Visual Studio 10.0\VC\lib;C:\Program Files (x86)\Microsoft Visual Studio 10.0\VC\atlmfc\lib;C:\Program Files (x86)\Microsoft SDKs\Windows\v7.0A\lib;C:\Program Files (x86)\Microsoft SDKs\Windows\v7.0A\\lib
       Done executing task "SetEnv".
       Task "SetEnv"
         LIBPATH=C:\Program Files (x86)\Microsoft Visual Studio 10.0\VC\atlmfc\lib;C:\Program Files (x86)\Microsoft Visual Studio 10.0\VC\lib
       Done executing task "SetEnv".
       Task "SetEnv"
         INCLUDE=C:\Program Files (x86)\Microsoft Visual Studio 10.0\VC\include;C:\Program Files (x86)\Microsoft Visual Studio 10.0\VC\atlmfc\include;C:\Program Files (x86)\Microsoft SDKs\Windows\v7.0A\include;C:\Program Files (x86)\Microsoft SDKs\Windows\v7.0A\\include;
       Done executing task "SetEnv".
     1>Done building target "SetBuildDefaultEnvironmentVariables" in project "Vectorbots.vcxproj".
       Target "SetUserMacroEnvironmentVariables" skipped, due to false condition; ('@(BuildMacro)' != '') was evaluated as ('' != '').
     1>Target "BeforeResolveReferences" in file "C:\Windows\Microsoft.NET\Framework\v4.0.30319\Microsoft.Common.Targets" from project "F:\vectorbots\Vectorbots.vcxproj" (target "ResolveReferences" depends on it):
     1>Done building target "BeforeResolveReferences" in project "Vectorbots.vcxproj".
       Target "AssignProjectConfiguration" skipped. Previously built successfully.
       Target "AssignProjectConfiguration" skipped. Previously built successfully.
       Target "_SplitProjectReferencesByFileExistence" skipped. Previously built successfully.
       Target "_RemoveNameMetadataFromProjectReferenceItems" skipped, due to false condition; ('@(ProjectReference)'!='') was evaluated as (''!='').
     1>Target "ResolveProjectReferences" in file "C:\Windows\Microsoft.NET\Framework\v4.0.30319\Microsoft.Common.Targets" from project "F:\vectorbots\Vectorbots.vcxproj" (target "ResolveReferences" depends on it):
       Task "MSBuild" skipped, due to false condition; ('%(_MSBuildProjectReferenceExistent.BuildReference)' == 'true' and '@(ProjectReferenceWithConfiguration)' != '' and ('$(BuildingInsideVisualStudio)' == 'true' or '$(BuildProjectReferences)' != 'true') and '$(VisualStudioVersion)' != '10.0' and '@(_MSBuildProjectReferenceExistent)' != '') was evaluated as ('' == 'true' and '' != '' and ('true' == 'true' or 'true' != 'true') and '10.0' != '10.0' and '' != '').
       Task "MSBuild" skipped, due to false condition; ('%(_MSBuildProjectReferenceExistent.BuildReference)' == 'true' and '@(ProjectReferenceWithConfiguration)' != '' and ('$(BuildingInsideVisualStudio)' == 'true' or '$(BuildProjectReferences)' != 'true') and '$(VisualStudioVersion)' == '10.0' and '@(_MSBuildProjectReferenceExistent)' != '') was evaluated as ('' == 'true' and '' != '' and ('true' == 'true' or 'true' != 'true') and '10.0' == '10.0' and '' != '').
       Task "MSBuild" skipped, due to false condition; ('%(_MSBuildProjectReferenceExistent.BuildReference)' == 'true' and '@(ProjectReferenceWithConfiguration)' != '' and '$(BuildingInsideVisualStudio)' != 'true' and '$(BuildProjectReferences)' == 'true' and '@(_MSBuildProjectReferenceExistent)' != '') was evaluated as ('' == 'true' and '' != '' and 'true' != 'true' and 'true' == 'true' and '' != '').
       Task "MSBuild" skipped, due to false condition; ('%(_MSBuildProjectReferenceExistent.BuildReference)' == 'true' and '@(ProjectReferenceWithConfiguration)' != '' and '$(BuildingProject)' == 'true' and '@(_MSBuildProjectReferenceExistent)' != '') was evaluated as ('' == 'true' and '' != '' and 'true' == 'true' and '' != '').
       Task "Warning" skipped, due to false condition; ('@(ProjectReferenceWithConfiguration)' != '' and '@(_MSBuildProjectReferenceNonexistent)' != '') was evaluated as ('' != '' and '' != '').
     1>Done building target "ResolveProjectReferences" in project "Vectorbots.vcxproj".
       Target "ResolveNativeReferences" skipped, due to false condition; ('@(NativeReference)'!='') was evaluated as (''!='').
     1>Target "GetFrameworkPaths" in file "C:\Windows\Microsoft.NET\Framework\v4.0.30319\Microsoft.NETFramework.targets" from project "F:\vectorbots\Vectorbots.vcxproj" (target "ResolveAssemblyReferences" depends on it):
     1>Done building target "GetFrameworkPaths" in project "Vectorbots.vcxproj".
       Target "GetWinFXPath" skipped, due to false condition; (('@(Page)' != '' or '@(ApplicationDefinition)' != '' or '@(Resource)' != '') and ('$(GetWinFXNativePath)' != '' or '$(GetWinFXWoWPath)' != '' )) was evaluated as (('' != '' or '' != '' or '' != '') and ('' != '' or '' != '' )).
     1>Target "GetReferenceAssemblyPaths" in file "C:\Windows\Microsoft.NET\Framework\v4.0.30319\Microsoft.Common.Targets" from project "F:\vectorbots\Vectorbots.vcxproj" (target "ResolveAssemblyReferences" depends on it):
       Task "GetReferenceAssemblyPaths" skipped, due to false condition; ('$(TargetFrameworkMoniker)' != '' and ('$(_TargetFrameworkDirectories)' == '' or '$(_FullFrameworkReferenceAssemblyPaths)' == '')) was evaluated as ('.NETFramework,Version=v4.0' != '' and ('C:\Program Files (x86)\Reference Assemblies\Microsoft\Framework\.NETFramework\v4.0' == '' or 'C:\Program Files (x86)\Reference Assemblies\Microsoft\Framework\.NETFramework\v4.0' == '')).
     1>Done building target "GetReferenceAssemblyPaths" in project "Vectorbots.vcxproj".
     1>Target "PlatformPrepareForBuild" in file "C:\Program Files (x86)\MSBuild\Microsoft.Cpp\v4.0\Platforms\Win32\Microsoft.Cpp.Win32.Targets" from project "F:\vectorbots\Vectorbots.vcxproj" (target "PrepareForBuild" depends on it):
       Task "VCMessage" skipped, due to false condition; (!(exists('$(VCTargetsPath)\Platforms\Win32\PlatformToolsets\$(PlatformToolset)\Microsoft.Cpp.Win32.$(PlatformToolset).targets'))) was evaluated as (!(exists('C:\Program Files (x86)\MSBuild\Microsoft.Cpp\v4.0\\Platforms\Win32\PlatformToolsets\v100\Microsoft.Cpp.Win32.v100.targets'))).
     1>Done building target "PlatformPrepareForBuild" in project "Vectorbots.vcxproj".
       Target "GetFrameworkPaths" skipped. Previously built successfully.
       Target "GetReferenceAssemblyPaths" skipped. Previously built successfully.
     1>Target "PrepareForBuild" in file "C:\Program Files (x86)\MSBuild\Microsoft.Cpp\v4.0\Microsoft.CppBuild.targets" from project "F:\vectorbots\Vectorbots.vcxproj" (target "ResolveAssemblyReferences" depends on it):
       Task "VCMessage" skipped, due to false condition; ('$(DesignTimeBuild)'!='true' and '$(ConfigurationPlatformExists)' != 'true') was evaluated as (''!='true' and 'true' != 'true').
       Task "MakeDir"
       Done executing task "MakeDir".
       Task "VCMessage" skipped, due to false condition; ('$(DesignTimeBuild)'!='true' and '$(VCInstallDir)'=='' and '$(UseEnv)' != 'true' and ($(TargetFrameworkVersion)=='v3.5' or $(TargetFrameworkVersion)=='v3.0' or $(TargetFrameworkVersion)=='v2.0' )) was evaluated as (''!='true' and 'C:\Program Files (x86)\Microsoft Visual Studio 10.0\VC\'=='' and '' != 'true' and (v4.0=='v3.5' or v4.0=='v3.0' or v4.0=='v2.0' )).
       Task "VCMessage" skipped, due to false condition; ('$(DesignTimeBuild)'!='true' and '$(VCInstallDir)'=='' and '$(UseEnv)' != 'true' and '$(PlatformToolset)'=='v90') was evaluated as (''!='true' and 'C:\Program Files (x86)\Microsoft Visual Studio 10.0\VC\'=='' and '' != 'true' and 'v100'=='v90').
       Task "VCMessage" skipped, due to false condition; ('$(VCInstallDir)'=='' and '$(UseEnv)' != 'true') was evaluated as ('C:\Program Files (x86)\Microsoft Visual Studio 10.0\VC\'=='' and '' != 'true').
       Task "VCMessage" skipped, due to false condition; ('$(WindowsSDKDir)'=='' and '$(UseEnv)' != 'true') was evaluated as ('C:\Program Files (x86)\Microsoft SDKs\Windows\v7.0A\'=='' and '' != 'true').
       Task "VCMessage" skipped, due to false condition; ('$(IntDirTrailingSlashWarning)'=='true') was evaluated as (''=='true').
       Task "VCMessage" skipped, due to false condition; ('$(OutDirTrailingSlashWarning)'=='true') was evaluated as (''=='true').
       Task "MakeDir"
       Done executing task "MakeDir".
     1>Done building target "PrepareForBuild" in project "Vectorbots.vcxproj".
     1>Target "GetInstalledSDKLocations" in file "C:\Windows\Microsoft.NET\Framework\v4.0.30319\Microsoft.Common.Targets" from project "F:\vectorbots\Vectorbots.vcxproj" (target "ResolveSDKReferences" depends on it):
       Task "GetInstalledSDKLocations" skipped, due to false condition; ('@(SDKReference)' != '') was evaluated as ('' != '').
     1>Done building target "GetInstalledSDKLocations" in project "Vectorbots.vcxproj".
     1>Target "ResolveSDKReferences" in file "C:\Windows\Microsoft.NET\Framework\v4.0.30319\Microsoft.Common.Targets" from project "F:\vectorbots\Vectorbots.vcxproj" (target "ResolveAssemblyReferences" depends on it):
       Task "ResolveSDKReference" skipped, due to false condition; ('@(SDKReference)'!='') was evaluated as (''!='').
     1>Done building target "ResolveSDKReferences" in project "Vectorbots.vcxproj".
       Target "ResolveSDKReferences" skipped. Previously built successfully.
     1>Target "ExpandSDKReferences" in file "C:\Windows\Microsoft.NET\Framework\v4.0.30319\Microsoft.Common.Targets" from project "F:\vectorbots\Vectorbots.vcxproj" (target "ResolveAssemblyReferences" depends on it):
       Task "GetSDKReferenceFiles" skipped, due to false condition; ('@(ResolvedSDKReference)'!='') was evaluated as (''!='').
     1>Done building target "ExpandSDKReferences" in project "Vectorbots.vcxproj".
     1>Target "ResolveAssemblyReferences" in file "C:\Windows\Microsoft.NET\Framework\v4.0.30319\Microsoft.Common.Targets" from project "F:\vectorbots\Vectorbots.vcxproj" (target "ResolveReferences" depends on it):
       Using "ResolveAssemblyReference" task from assembly "Microsoft.Build.Tasks.v4.0, Version=4.0.0.0, Culture=neutral, PublicKeyToken=b03f5f7f11d50a3a".
       Task "ResolveAssemblyReference"
         TargetFrameworkMoniker:
             .NETFramework,Version=v4.0
         TargetFrameworkMonikerDisplayName:
             .NET Framework 4
         TargetedRuntimeVersion:
             v4.0.30319
         Assemblies:
             System.Core
         AssemblyFiles:
         CandidateAssemblyFiles:
         TargetFrameworkDirectories:
             C:\Program Files (x86)\Reference Assemblies\Microsoft\Framework\.NETFramework\v4.0
         InstalledAssemblyTables:
         IgnoreInstalledAssemblyTable:
             False
         SearchPaths:
             {CandidateAssemblyFiles}
             C:\Program Files (x86)\Microsoft Visual Studio 10.0\VC\atlmfc\lib
             C:\Program Files (x86)\Microsoft Visual Studio 10.0\VC\lib
             {HintPathFromItem}
             {TargetFrameworkDirectory}
             {Registry:Software\Microsoft\.NETFramework,v4.0,AssemblyFoldersEx}
             {AssemblyFolders}
             {GAC}
             {RawFileName}
             F:\vectorbots\Debug\
         AllowedAssemblyExtensions:
             .winmd
             .dll
             .exe
         AllowedRelatedFileExtensions:
             .pdb
             .xml
             .pri
         AppConfigFile:
             
         AutoUnify:
             False
         CopyLocalDependenciesWhenParentReferenceInGac:
             True
         FindDependencies:
             True
         TargetProcessorArchitecture:
             x86
         StateFile:
             Debug\Vectorbots.vcxprojResolveAssemblyReference.cache
         InstalledAssemblySubsetTables:
         IgnoreInstalledAssemblySubsetTable:
             False
         TargetFrameworkSubsets:
         FullTargetFrameworkSubsetNames:
             Full
         ProfileName:
             
         FullFrameworkFolders:
             C:\Program Files (x86)\Reference Assemblies\Microsoft\Framework\.NETFramework\v4.0
         LatestTargetFrameworkDirectories:
         ProfileTablesLocation:
         Primary reference "System.Core, Version=4.0.0.0, Culture=neutral, PublicKeyToken=b77a5c561934e089".
             Resolved file path is "C:\Program Files (x86)\Reference Assemblies\Microsoft\Framework\.NETFramework\v4.0\System.Core.dll".
             Reference found at search path location "{TargetFrameworkDirectory}".
                 For SearchPath "C:\Program Files (x86)\Microsoft Visual Studio 10.0\VC\atlmfc\lib".
                 Considered "C:\Program Files (x86)\Microsoft Visual Studio 10.0\VC\atlmfc\lib\System.Core.winmd", but it didn't exist.
                 Considered "C:\Program Files (x86)\Microsoft Visual Studio 10.0\VC\atlmfc\lib\System.Core.dll", but it didn't exist.
                 Considered "C:\Program Files (x86)\Microsoft Visual Studio 10.0\VC\atlmfc\lib\System.Core.exe", but it didn't exist.
                 For SearchPath "C:\Program Files (x86)\Microsoft Visual Studio 10.0\VC\lib".
                 Considered "C:\Program Files (x86)\Microsoft Visual Studio 10.0\VC\lib\System.Core.winmd", but it didn't exist.
                 Considered "C:\Program Files (x86)\Microsoft Visual Studio 10.0\VC\lib\System.Core.dll", but it didn't exist.
                 Considered "C:\Program Files (x86)\Microsoft Visual Studio 10.0\VC\lib\System.Core.exe", but it didn't exist.
                 For SearchPath "{TargetFrameworkDirectory}".
                 Considered "C:\Program Files (x86)\Reference Assemblies\Microsoft\Framework\.NETFramework\v4.0\System.Core.winmd", but it didn't exist.
             This reference is not "CopyLocal" because it's a prerequisite file.
             The ImageRuntimeVersion for this reference is "v4.0.30319".
       Done executing task "ResolveAssemblyReference".
     1>Done building target "ResolveAssemblyReferences" in project "Vectorbots.vcxproj".
       Target "ResolveComReferences" skipped, due to false condition; ('@(COMReference)'!='' or '@(COMFileReference)'!='') was evaluated as (''!='' or ''!='').
     1>Target "AfterResolveReferences" in file "C:\Windows\Microsoft.NET\Framework\v4.0.30319\Microsoft.Common.Targets" from project "F:\vectorbots\Vectorbots.vcxproj" (target "ResolveReferences" depends on it):
     1>Done building target "AfterResolveReferences" in project "Vectorbots.vcxproj".
       Target "ImplicitlyExpandDesignTimeFacades" skipped, due to false condition; ('$(ImplicitlyExpandDesignTimeFacades)' == 'true') was evaluated as ('' == 'true').
       Target "ResolveTestReferences" skipped, due to false condition; ('@(Shadow)'!='') was evaluated as (''!='').
     1>Target "ResolveReferences" in file "C:\Windows\Microsoft.NET\Framework\v4.0.30319\Microsoft.Common.Targets" from project "F:\vectorbots\Vectorbots.vcxproj" (target "Build" depends on it):
     1>Done building target "ResolveReferences" in project "Vectorbots.vcxproj".
       Target "PrepareForBuild" skipped. Previously built successfully.
       Target "PrepareForBuild" skipped. Previously built successfully.
     1>Target "InitializeBuildStatus" in file "C:\Program Files (x86)\MSBuild\Microsoft.Cpp\v4.0\Microsoft.CppBuild.targets" from project "F:\vectorbots\Vectorbots.vcxproj" (target "Build" depends on it):
       Task "ReadLinesFromFile"
       Done executing task "ReadLinesFromFile".
       Task "WriteLinesToFile"
       Done executing task "WriteLinesToFile".
       Using "Touch" task from assembly "Microsoft.Build.Tasks.v4.0, Version=4.0.0.0, Culture=neutral, PublicKeyToken=b03f5f7f11d50a3a".
       Task "Touch"
         Creating "Debug\Vectorbots.unsuccessfulbuild" because "AlwaysCreate" was specified.
       Done executing task "Touch".
     1>Done building target "InitializeBuildStatus" in project "Vectorbots.vcxproj".
       Target "AssignProjectConfiguration" skipped. Previously built successfully.
       Target "_SplitProjectReferencesByFileExistence" skipped. Previously built successfully.
     1>Target "BuildGenerateSourcesTraverse" in file "C:\Windows\Microsoft.NET\Framework\v4.0.30319\Microsoft.Common.Targets" from project "F:\vectorbots\Vectorbots.vcxproj" (target "BuildGenerateSources" depends on it):
       Task "MSBuild" skipped, due to false condition; ('$(BuildPassReferences)' == 'true' and '@(ProjectReferenceWithConfiguration)' != '' and '@(_MSBuildProjectReferenceExistent)' != '' and '%(_MSBuildProjectReferenceExistent.BuildReference)' == 'true') was evaluated as ('' == 'true' and '' != '' and '' != '' and '' == 'true').
     1>Done building target "BuildGenerateSourcesTraverse" in project "Vectorbots.vcxproj".
       Target "SetBuildDefaultEnvironmentVariables" skipped. Previously built successfully.
       Target "SetUserMacroEnvironmentVariables" skipped, due to false condition; ('@(BuildMacro)' != '') was evaluated as ('' != '').
       Target "PrepareForBuild" skipped. Previously built successfully.
       Target "ResolveReferences" skipped. Previously built successfully.
     1>Target "BeforeBuildGenerateSources" in file "C:\Program Files (x86)\MSBuild\Microsoft.Cpp\v4.0\Microsoft.BuildSteps.Targets" from project "F:\vectorbots\Vectorbots.vcxproj" (target "BuildGenerateSources" depends on it):
     1>Done building target "BeforeBuildGenerateSources" in project "Vectorbots.vcxproj".
     1>Target "PreBuildEvent" in file "C:\Program Files (x86)\MSBuild\Microsoft.Cpp\v4.0\Microsoft.CppCommon.targets" from project "F:\vectorbots\Vectorbots.vcxproj" (target "BuildGenerateSources" depends on it):
       Task "Message" skipped, due to false condition; ('%(PreBuildEvent.Message)' != '' and '%(PreBuildEvent.Command)' != '') was evaluated as ('' != '' and '' != '').
       Task "Exec" skipped, due to false condition; ('%(PreBuildEvent.Command)' != '') was evaluated as ('' != '').
     1>Done building target "PreBuildEvent" in project "Vectorbots.vcxproj".
       Target "CustomBuild" skipped, due to false condition; ('@(CustomBuild)' != '') was evaluated as ('' != '').
     1>Target "_GenerateXMLData" in file "C:\Program Files (x86)\MSBuild\Microsoft.Cpp\v4.0\Microsoft.CppBuild.targets" from project "F:\vectorbots\Vectorbots.vcxproj" (target "BuildGenerateSources" depends on it):
     1>Done building target "_GenerateXMLData" in project "Vectorbots.vcxproj".
     1>Target "_GenerateWebServiceProxy" in file "C:\Program Files (x86)\MSBuild\Microsoft.Cpp\v4.0\Microsoft.CppBuild.targets" from project "F:\vectorbots\Vectorbots.vcxproj" (target "BuildGenerateSources" depends on it):
     1>Done building target "_GenerateWebServiceProxy" in project "Vectorbots.vcxproj".
       Target "Xsd" skipped, due to false condition; ('@(Xsd)' != '') was evaluated as ('' != '').
     1>Target "_Xsd" in file "C:\Program Files (x86)\MSBuild\Microsoft.Cpp\v4.0\Microsoft.CppBuild.targets" from project "F:\vectorbots\Vectorbots.vcxproj" (target "BuildGenerateSources" depends on it):
     1>Done building target "_Xsd" in project "Vectorbots.vcxproj".
     1>Target "MakeDirsForMidl" in file "C:\Program Files (x86)\MSBuild\Microsoft.Cpp\v4.0\Microsoft.CppBuild.targets" from project "F:\vectorbots\Vectorbots.vcxproj" (target "_Midl" depends on it):
       Task "Makedir"
       Done executing task "Makedir".
     1>Done building target "MakeDirsForMidl" in project "Vectorbots.vcxproj".
       Target "Midl" skipped, due to false condition; ('@(Midl)' != '') was evaluated as ('' != '').
       Target "CustomBuild" skipped, due to false condition; ('@(CustomBuild)' != '') was evaluated as ('' != '').
     1>Target "ComputeMIDLGeneratedCompileInputs" in file "C:\Program Files (x86)\MSBuild\Microsoft.Cpp\v4.0\Microsoft.CppBuild.targets" from project "F:\vectorbots\Vectorbots.vcxproj" (target "_Midl" depends on it):
     1>Done building target "ComputeMIDLGeneratedCompileInputs" in project "Vectorbots.vcxproj".
     1>Target "AfterMidl" in file "C:\Program Files (x86)\MSBuild\Microsoft.Cpp\v4.0\Microsoft.CppBuild.targets" from project "F:\vectorbots\Vectorbots.vcxproj" (target "_Midl" depends on it):
     1>Done building target "AfterMidl" in project "Vectorbots.vcxproj".
     1>Target "_Midl" in file "C:\Program Files (x86)\MSBuild\Microsoft.Cpp\v4.0\Microsoft.CppBuild.targets" from project "F:\vectorbots\Vectorbots.vcxproj" (target "BuildGenerateSources" depends on it):
     1>Done building target "_Midl" in project "Vectorbots.vcxproj".
     1>Target "AfterBuildGenerateSources" in file "C:\Program Files (x86)\MSBuild\Microsoft.Cpp\v4.0\Microsoft.BuildSteps.Targets" from project "F:\vectorbots\Vectorbots.vcxproj" (target "BuildGenerateSources" depends on it):
     1>Done building target "AfterBuildGenerateSources" in project "Vectorbots.vcxproj".
     1>Target "AfterBuildGenerateSourcesEvent" in file "C:\Program Files (x86)\MSBuild\Microsoft.Cpp\v4.0\Microsoft.CppBuild.targets" from project "F:\vectorbots\Vectorbots.vcxproj" (target "BuildGenerateSources" depends on it):
     1>Done building target "AfterBuildGenerateSourcesEvent" in project "Vectorbots.vcxproj".
     1>Target "BuildGenerateSources" in file "C:\Windows\Microsoft.NET\Framework\v4.0.30319\Microsoft.Common.Targets" from project "F:\vectorbots\Vectorbots.vcxproj" (target "Build" depends on it):
     1>Done building target "BuildGenerateSources" in project "Vectorbots.vcxproj".
       Target "AssignProjectConfiguration" skipped. Previously built successfully.
       Target "_SplitProjectReferencesByFileExistence" skipped. Previously built successfully.
     1>Target "BuildCompileTraverse" in file "C:\Windows\Microsoft.NET\Framework\v4.0.30319\Microsoft.Common.Targets" from project "F:\vectorbots\Vectorbots.vcxproj" (target "BuildCompile" depends on it):
       Task "MSBuild" skipped, due to false condition; ('$(BuildPassReferences)' == 'true' and '@(ProjectReferenceWithConfiguration)' != '' and '@(_MSBuildProjectReferenceExistent)' != ''  and '%(_MSBuildProjectReferenceExistent.BuildReference)' == 'true') was evaluated as ('' == 'true' and '' != '' and '' != ''  and '' == 'true').
     1>Done building target "BuildCompileTraverse" in project "Vectorbots.vcxproj".
       Target "SetBuildDefaultEnvironmentVariables" skipped. Previously built successfully.
       Target "SetUserMacroEnvironmentVariables" skipped, due to false condition; ('@(BuildMacro)' != '') was evaluated as ('' != '').
       Target "PrepareForBuild" skipped. Previously built successfully.
       Target "ResolveReferences" skipped. Previously built successfully.
     1>Target "BeforeClCompile" in file "C:\Program Files (x86)\MSBuild\Microsoft.Cpp\v4.0\Microsoft.CppBuild.targets" from project "F:\vectorbots\Vectorbots.vcxproj" (target "_ClCompile" depends on it):
     1>Done building target "BeforeClCompile" in project "Vectorbots.vcxproj".
       Target "ComputeMIDLGeneratedCompileInputs" skipped. Previously built successfully.
     1>Target "ComputeCLInputPDBName" in file "C:\Program Files (x86)\MSBuild\Microsoft.Cpp\v4.0\Microsoft.CppBuild.targets" from project "F:\vectorbots\Vectorbots.vcxproj" (target "_ClCompile" depends on it):
     1>Done building target "ComputeCLInputPDBName" in project "Vectorbots.vcxproj".
       Target "ResolveReferences" skipped. Previously built successfully.
     1>Target "ComputeReferenceCLInput" in file "C:\Program Files (x86)\MSBuild\Microsoft.Cpp\v4.0\Microsoft.CppBuild.targets" from project "F:\vectorbots\Vectorbots.vcxproj" (target "_ClCompile" depends on it):
       Task "WriteLinesToFile"
       Done executing task "WriteLinesToFile".
       Task "Message" skipped, due to false condition; ('$(_REFERENCE_DEBUG)'=='true' and '%(ClCompile.CompileAsManaged)' != 'false' and '%(ClCompile.CompileAsManaged)' != '') was evaluated as (''=='true' and '' != 'false' and '' != '').
     1>Done building target "ComputeReferenceCLInput" in project "Vectorbots.vcxproj".
     1>Target "MakeDirsForCl" in file "C:\Program Files (x86)\MSBuild\Microsoft.Cpp\v4.0\Microsoft.CppBuild.targets" from project "F:\vectorbots\Vectorbots.vcxproj" (target "_ClCompile" depends on it):
       Task "MakeDir"
       Done executing task "MakeDir".
     1>Done building target "MakeDirsForCl" in project "Vectorbots.vcxproj".
       Target "PrepareForBuild" skipped. Previously built successfully.
       Target "SetBuildDefaultEnvironmentVariables" skipped. Previously built successfully.
       Target "SetUserMacroEnvironmentVariables" skipped, due to false condition; ('@(BuildMacro)' != '') was evaluated as ('' != '').
     1>Target "_SelectedFiles" in file "C:\Program Files (x86)\MSBuild\Microsoft.Cpp\v4.0\Microsoft.CppBuild.targets" from project "F:\vectorbots\Vectorbots.vcxproj" (target "SelectClCompile" depends on it):
     1>Done building target "_SelectedFiles" in project "Vectorbots.vcxproj".
       Target "ComputeMIDLGeneratedCompileInputs" skipped. Previously built successfully.
       Target "ComputeCLInputPDBName" skipped. Previously built successfully.
       Target "ComputeReferenceCLInput" skipped. Previously built successfully.
       Target "_SelectedFiles" skipped. Previously built successfully.
     1>Target "SelectCustomBuild" in file "C:\Program Files (x86)\MSBuild\Microsoft.Cpp\v4.0\Microsoft.CppBuild.targets" from project "F:\vectorbots\Vectorbots.vcxproj" (target "SelectClCompile" depends on it):
     1>Done building target "SelectCustomBuild" in project "Vectorbots.vcxproj".
     1>Target "SelectClCompile" in file "C:\Program Files (x86)\MSBuild\Microsoft.Cpp\v4.0\Microsoft.CppBuild.targets" from project "F:\vectorbots\Vectorbots.vcxproj" (target "ClCompile" depends on it):
     1>Done building target "SelectClCompile" in project "Vectorbots.vcxproj".
       Target "GenerateTargetFrameworkMonikerAttribute" skipped, due to false condition; ('$(GenerateTargetFrameworkAttribute)' == 'true') was evaluated as ('false' == 'true').
       Target "ManagedIncrementalBuildPreProcessDependencyGraph" skipped, due to false condition; ('@(ClCompile)' != '' and '$(EnableManagedIncrementalBuild)' == 'True') was evaluated as ('main.cpp;vec3f.cpp' != '' and 'false' == 'True').
     1>Target "ClCompile" in file "C:\Program Files (x86)\MSBuild\Microsoft.Cpp\v4.0\Platforms\Win32\Microsoft.Cpp.Win32.Targets" from project "F:\vectorbots\Vectorbots.vcxproj" (target "_ClCompile" depends on it):
       Task "Delete"
       Done executing task "Delete".
       Task "CL" skipped, due to false condition; ('%(ClCompile.PrecompiledHeader)' == 'Create' and '%(ClCompile.ExcludedFromBuild)'!='true') was evaluated as ('NotUsing' == 'Create' and ''!='true').
       Using "CL" task from assembly "Microsoft.Build.CppTasks.Win32, Version=4.0.0.0, Culture=neutral, PublicKeyToken=b03f5f7f11d50a3a".
       Task "CL"
         Environment Variables passed to tool:
           VS_UNICODE_OUTPUT=1084
         C:\Program Files (x86)\Microsoft Visual Studio 10.0\VC\bin\CL.exe /c /I"F:\SFML\SFML-2.4.2\include" /ZI /nologo /W3 /WX- /Od /Oy- /D _MBCS /Gm /EHsc /RTC1 /MDd /GS /fp:precise /Zc:wchar_t /Zc:forScope /Fo"Debug\\" /Fd"Debug\vc100.pdb" /Gd /TP /analyze- /errorReport:prompt main.cpp vec3f.cpp
         Tracking command:
         C:\Program Files (x86)\Microsoft SDKs\Windows\v8.0A\bin\NETFX 4.0 Tools\Tracker.exe /d C:\Windows\Microsoft.NET\Framework\v4.0.30319\FileTracker.dll /i F:\vectorbots\Debug /r "F:\VECTORBOTS\MAIN.CPP|F:\VECTORBOTS\VEC3F.CPP" /b MSBuildConsole_CancelEvent6554fd3ba6834117933be8e7e3a9b795  /c "C:\Program Files (x86)\Microsoft Visual Studio 10.0\VC\bin\CL.exe"  /c /I"F:\SFML\SFML-2.4.2\include" /ZI /nologo /W3 /WX- /Od /Oy- /D _MBCS /Gm /EHsc /RTC1 /MDd /GS /fp:precise /Zc:wchar_t /Zc:forScope /Fo"Debug\\" /Fd"Debug\vc100.pdb" /Gd /TP /analyze- /errorReport:prompt main.cpp vec3f.cpp
         vec3f.cpp
         main.cpp
     1>f:\vectorbots\main.cpp(39): warning C4244: 'argument' : conversion from 'time_t' to 'unsigned int', possible loss of data
     1>f:\vectorbots\main.cpp(47): warning C4244: '=' : conversion from 'double' to 'float', possible loss of data
     1>f:\vectorbots\main.cpp(48): warning C4244: '=' : conversion from 'double' to 'float', possible loss of data
     1>f:\vectorbots\main.cpp(49): warning C4244: '=' : conversion from 'double' to 'float', possible loss of data
     1>f:\vectorbots\main.cpp(102): warning C4244: '=' : conversion from 'double' to 'float', possible loss of data
     1>f:\vectorbots\main.cpp(103): warning C4244: '=' : conversion from 'double' to 'float', possible loss of data
     1>f:\vectorbots\main.cpp(104): warning C4244: '=' : conversion from 'double' to 'float', possible loss of data
     1>f:\vectorbots\main.cpp(105): warning C4244: '=' : conversion from 'double' to 'float', possible loss of data
     1>f:\vectorbots\main.cpp(267): warning C4244: '+=' : conversion from 'double' to 'float', possible loss of data
     1>f:\vectorbots\main.cpp(268): warning C4244: '+=' : conversion from 'double' to 'float', possible loss of data
     1>f:\vectorbots\main.cpp(271): warning C4244: '-=' : conversion from 'double' to 'float', possible loss of data
     1>f:\vectorbots\main.cpp(275): warning C4244: '+=' : conversion from 'double' to 'float', possible loss of data
     1>f:\vectorbots\main.cpp(279): warning C4244: '-=' : conversion from 'double' to 'float', possible loss of data
     1>f:\vectorbots\main.cpp(283): warning C4244: '+=' : conversion from 'double' to 'float', possible loss of data
         Generating Code...
       Done executing task "CL".
     1>Done building target "ClCompile" in project "Vectorbots.vcxproj".
       Target "ManagedIncrementalBuildPostProcessDependencyGraph" skipped, due to false condition; ('@(ClCompile)' != '' and '$(EnableManagedIncrementalBuild)' == 'True') was evaluated as ('main.cpp;vec3f.cpp' != '' and 'false' == 'True').
     1>Target "AfterClCompile" in file "C:\Program Files (x86)\MSBuild\Microsoft.Cpp\v4.0\Microsoft.CppBuild.targets" from project "F:\vectorbots\Vectorbots.vcxproj" (target "_ClCompile" depends on it):
     1>Done building target "AfterClCompile" in project "Vectorbots.vcxproj".
     1>Target "_ClCompile" in file "C:\Program Files (x86)\MSBuild\Microsoft.Cpp\v4.0\Microsoft.CppBuild.targets" from project "F:\vectorbots\Vectorbots.vcxproj" (target "BuildCompile" depends on it):
     1>Done building target "_ClCompile" in project "Vectorbots.vcxproj".
       Target "_ResGen" skipped, due to false condition; ('@(EmbeddedResource)'!='') was evaluated as (''!='').
     1>Target "BeforeResourceCompile" in file "C:\Program Files (x86)\MSBuild\Microsoft.Cpp\v4.0\Microsoft.CppBuild.targets" from project "F:\vectorbots\Vectorbots.vcxproj" (target "_ResourceCompile" depends on it):
     1>Done building target "BeforeResourceCompile" in project "Vectorbots.vcxproj".
     1>Target "MakeDirsForResourceCompile" in file "C:\Program Files (x86)\MSBuild\Microsoft.Cpp\v4.0\Microsoft.CppBuild.targets" from project "F:\vectorbots\Vectorbots.vcxproj" (target "_ResourceCompile" depends on it):
       Task "MakeDir"
       Done executing task "MakeDir".
     1>Done building target "MakeDirsForResourceCompile" in project "Vectorbots.vcxproj".
       Target "ResourceCompile" skipped, due to false condition; ('@(ResourceCompile)' != '') was evaluated as ('' != '').
     1>Target "AfterResourceCompile" in file "C:\Program Files (x86)\MSBuild\Microsoft.Cpp\v4.0\Microsoft.CppBuild.targets" from project "F:\vectorbots\Vectorbots.vcxproj" (target "_ResourceCompile" depends on it):
     1>Done building target "AfterResourceCompile" in project "Vectorbots.vcxproj".
     1>Target "_ResourceCompile" in file "C:\Program Files (x86)\MSBuild\Microsoft.Cpp\v4.0\Microsoft.CppBuild.targets" from project "F:\vectorbots\Vectorbots.vcxproj" (target "BuildCompile" depends on it):
     1>Done building target "_ResourceCompile" in project "Vectorbots.vcxproj".
       Target "_ImpLib" skipped, due to false condition; ('$(ImpLibCompiled)' == 'true') was evaluated as ('' == 'true').
       Target "_Lib" skipped, due to false condition; ('$(LibCompiled)' == 'true') was evaluated as ('' == 'true').
     1>Target "AfterBuildCompileEvent" in file "C:\Program Files (x86)\MSBuild\Microsoft.Cpp\v4.0\Microsoft.CppBuild.targets" from project "F:\vectorbots\Vectorbots.vcxproj" (target "BuildCompile" depends on it):
     1>Done building target "AfterBuildCompileEvent" in project "Vectorbots.vcxproj".
     1>Target "BuildCompile" in file "C:\Windows\Microsoft.NET\Framework\v4.0.30319\Microsoft.Common.Targets" from project "F:\vectorbots\Vectorbots.vcxproj" (target "Build" depends on it):
     1>Done building target "BuildCompile" in project "Vectorbots.vcxproj".
       Target "AssignProjectConfiguration" skipped. Previously built successfully.
       Target "_SplitProjectReferencesByFileExistence" skipped. Previously built successfully.
     1>Target "BuildLinkTraverse" in file "C:\Windows\Microsoft.NET\Framework\v4.0.30319\Microsoft.Common.Targets" from project "F:\vectorbots\Vectorbots.vcxproj" (target "BuildLink" depends on it):
       Task "MSBuild" skipped, due to false condition; ('$(BuildPassReferences)' == 'true' and '@(ProjectReferenceWithConfiguration)' != '' and '@(_MSBuildProjectReferenceExistent)' != ''  and '%(_MSBuildProjectReferenceExistent.BuildReference)' == 'true') was evaluated as ('' == 'true' and '' != '' and '' != ''  and '' == 'true').
     1>Done building target "BuildLinkTraverse" in project "Vectorbots.vcxproj".
       Target "SetBuildDefaultEnvironmentVariables" skipped. Previously built successfully.
       Target "SetUserMacroEnvironmentVariables" skipped, due to false condition; ('@(BuildMacro)' != '') was evaluated as ('' != '').
       Target "PrepareForBuild" skipped. Previously built successfully.
       Target "ResolveReferences" skipped. Previously built successfully.
     1>Target "BeforeLink" in file "C:\Program Files (x86)\MSBuild\Microsoft.Cpp\v4.0\Microsoft.CppBuild.targets" from project "F:\vectorbots\Vectorbots.vcxproj" (target "_Link" depends on it):
     1>Done building target "BeforeLink" in project "Vectorbots.vcxproj".
     1>Target "ComputeRCOutputs" in file "C:\Program Files (x86)\MSBuild\Microsoft.Cpp\v4.0\Microsoft.CppBuild.targets" from project "F:\vectorbots\Vectorbots.vcxproj" (target "ComputeRCGeneratedLinkInputs" depends on it):
     1>Done building target "ComputeRCOutputs" in project "Vectorbots.vcxproj".
     1>Target "ComputeRCGeneratedLinkInputs" in file "C:\Program Files (x86)\MSBuild\Microsoft.Cpp\v4.0\Microsoft.CppBuild.targets" from project "F:\vectorbots\Vectorbots.vcxproj" (target "_Link" depends on it):
     1>Done building target "ComputeRCGeneratedLinkInputs" in project "Vectorbots.vcxproj".
     1>Target "ComputeManifestGeneratedLinkerInputs" in file "C:\Program Files (x86)\MSBuild\Microsoft.Cpp\v4.0\Microsoft.CppBuild.targets" from project "F:\vectorbots\Vectorbots.vcxproj" (target "_Link" depends on it):
     1>Done building target "ComputeManifestGeneratedLinkerInputs" in project "Vectorbots.vcxproj".
     1>Target "ComputeCustomBuildOutput" in file "C:\Program Files (x86)\MSBuild\Microsoft.Cpp\v4.0\Microsoft.CppBuild.targets" from project "F:\vectorbots\Vectorbots.vcxproj" (target "_Link" depends on it):
       Task "MakeDir"
       Done executing task "MakeDir".
     1>Done building target "ComputeCustomBuildOutput" in project "Vectorbots.vcxproj".
       Target "ComputeMIDLGeneratedCompileInputs" skipped. Previously built successfully.
       Target "ComputeCLInputPDBName" skipped. Previously built successfully.
       Target "ComputeReferenceCLInput" skipped. Previously built successfully.
     1>Target "ComputeCLOutputs" in file "C:\Program Files (x86)\MSBuild\Microsoft.Cpp\v4.0\Microsoft.CppBuild.targets" from project "F:\vectorbots\Vectorbots.vcxproj" (target "ComputeCLGeneratedLinkInputs" depends on it):
     1>Done building target "ComputeCLOutputs" in project "Vectorbots.vcxproj".
     1>Target "ComputeCLGeneratedLinkInputs" in file "C:\Program Files (x86)\MSBuild\Microsoft.Cpp\v4.0\Microsoft.CppBuild.targets" from project "F:\vectorbots\Vectorbots.vcxproj" (target "_Link" depends on it):
     1>Done building target "ComputeCLGeneratedLinkInputs" in project "Vectorbots.vcxproj".
     1>Target "ComputeLinkInputsFromProject" in file "C:\Program Files (x86)\MSBuild\Microsoft.Cpp\v4.0\Microsoft.CppBuild.targets" from project "F:\vectorbots\Vectorbots.vcxproj" (target "_Link" depends on it):
     1>Done building target "ComputeLinkInputsFromProject" in project "Vectorbots.vcxproj".
       Target "ComputeReferenceLinkInputs" skipped, due to false condition; (@(ProjectReference) != '') was evaluated as ( != '').
     1>Target "ComputeManifestInputsTargets" in file "C:\Program Files (x86)\MSBuild\Microsoft.Cpp\v4.0\Microsoft.CppBuild.targets" from project "F:\vectorbots\Vectorbots.vcxproj" (target "_Link" depends on it):
     1>Done building target "ComputeManifestInputsTargets" in project "Vectorbots.vcxproj".
       Target "ManifestResourceCompile" skipped, due to false condition; ('$(EmbedManifestBy)' == 'LINK') was evaluated as ('MT' == 'LINK').
       Target "AssignWinFXEmbeddedResource" skipped, due to false condition; ('@(WinFXEmbeddedResource)' != '') was evaluated as ('' != '').
     1>Target "AssignTargetPaths" in file "C:\Windows\Microsoft.NET\Framework\v4.0.30319\Microsoft.Common.Targets" from project "F:\vectorbots\Vectorbots.vcxproj" (target "PrepareResourceNames" depends on it):
       Using "AssignTargetPath" task from assembly "Microsoft.Build.Tasks.v4.0, Version=4.0.0.0, Culture=neutral, PublicKeyToken=b03f5f7f11d50a3a".
       Task "AssignTargetPath"
       Done executing task "AssignTargetPath".
       Task "AssignTargetPath"
       Done executing task "AssignTargetPath".
       Task "AssignTargetPath"
       Done executing task "AssignTargetPath".
       Task "AssignTargetPath"
       Done executing task "AssignTargetPath".
       Task "AssignTargetPath" skipped, due to false condition; ('@(_DeploymentBaseManifestWithTargetPath)'=='' and '%(None.Extension)'=='.manifest') was evaluated as (''=='' and ''=='.manifest').
     1>Done building target "AssignTargetPaths" in project "Vectorbots.vcxproj".
       Target "AssignTargetPaths" skipped. Previously built successfully.
     1>Target "SplitResourcesByCulture" in file "C:\Windows\Microsoft.NET\Framework\v4.0.30319\Microsoft.Common.Targets" from project "F:\vectorbots\Vectorbots.vcxproj" (target "PrepareResourceNames" depends on it):
       Task "Warning" skipped, due to false condition; ('@(ResxWithNoCulture)'!='') was evaluated as (''!='').
       Task "Warning" skipped, due to false condition; ('@(ResxWithCulture)'!='') was evaluated as (''!='').
       Task "Warning" skipped, due to false condition; ('@(NonResxWithCulture)'!='') was evaluated as (''!='').
       Task "Warning" skipped, due to false condition; ('@(NonResxWithNoCulture)'!='') was evaluated as (''!='').
       Using "AssignCulture" task from assembly "Microsoft.Build.Tasks.v4.0, Version=4.0.0.0, Culture=neutral, PublicKeyToken=b03f5f7f11d50a3a".
       Task "AssignCulture"
       Done executing task "AssignCulture".
     1>Done building target "SplitResourcesByCulture" in project "Vectorbots.vcxproj".
       Target "CreateManifestResourceNames" skipped, due to false condition; ('@(EmbeddedResource)' != '') was evaluated as ('' != '').
     1>Target "CreateCustomManifestResourceNames" in file "C:\Windows\Microsoft.NET\Framework\v4.0.30319\Microsoft.Common.Targets" from project "F:\vectorbots\Vectorbots.vcxproj" (target "PrepareResourceNames" depends on it):
     1>Done building target "CreateCustomManifestResourceNames" in project "Vectorbots.vcxproj".
     1>Target "PrepareResourceNames" in file "C:\Windows\Microsoft.NET\Framework\v4.0.30319\Microsoft.Common.Targets" from project "F:\vectorbots\Vectorbots.vcxproj" (target "_Link" depends on it):
     1>Done building target "PrepareResourceNames" in project "Vectorbots.vcxproj".
     1>Target "MakeDirsForLink" in file "C:\Program Files (x86)\MSBuild\Microsoft.Cpp\v4.0\Microsoft.CppBuild.targets" from project "F:\vectorbots\Vectorbots.vcxproj" (target "_Link" depends on it):
       Task "MakeDir"
       Done executing task "MakeDir".
     1>Done building target "MakeDirsForLink" in project "Vectorbots.vcxproj".
     1>Target "DoLinkOutputFilesMatch" in file "C:\Program Files (x86)\MSBuild\Microsoft.Cpp\v4.0\Microsoft.CppBuild.targets" from project "F:\vectorbots\Vectorbots.vcxproj" (target "_Link" depends on it):
       Task "VCMessage" skipped, due to false condition; ('%(_OutputFileFromLink.FullPath)' != '$([System.IO.Path]::GetFullPath($(TargetPath)))') was evaluated as ('F:\vectorbots\Debug\Vectorbots.exe' != 'F:\vectorbots\Debug\Vectorbots.exe').
       Task "VCMessage" skipped, due to false condition; ('%(_OutputFileFromLink.Extension)' != '$(TargetExt)') was evaluated as ('.exe' != '.exe').
       Task "VCMessage" skipped, due to false condition; ('%(_OutputFileFromLink.Filename)' != '$(TargetName)') was evaluated as ('Vectorbots' != 'Vectorbots').
     1>Done building target "DoLinkOutputFilesMatch" in project "Vectorbots.vcxproj".
     1>Target "PreLinkEvent" in file "C:\Program Files (x86)\MSBuild\Microsoft.Cpp\v4.0\Microsoft.CppCommon.targets" from project "F:\vectorbots\Vectorbots.vcxproj" (target "_Link" depends on it):
       Task "Message" skipped, due to false condition; ('%(PreLinkEvent.Message)' != '' and '%(PreLinkEvent.Command)' != '') was evaluated as ('' != '' and '' != '').
       Task "Exec" skipped, due to false condition; ('%(PreLinkEvent.Command)' != '') was evaluated as ('' != '').
     1>Done building target "PreLinkEvent" in project "Vectorbots.vcxproj".
     1>Target "Link" in file "C:\Program Files (x86)\MSBuild\Microsoft.Cpp\v4.0\Platforms\Win32\Microsoft.Cpp.Win32.Targets" from project "F:\vectorbots\Vectorbots.vcxproj" (target "_Link" depends on it):
       Using "Link" task from assembly "Microsoft.Build.CppTasks.Win32, Version=4.0.0.0, Culture=neutral, PublicKeyToken=b03f5f7f11d50a3a".
       Task "Link"
         Environment Variables passed to tool:
           VS_UNICODE_OUTPUT=1476
         C:\Program Files (x86)\Microsoft Visual Studio 10.0\VC\bin\link.exe /ERRORREPORT:PROMPT /OUT:"F:\vectorbots\Debug\Vectorbots.exe" /NOLOGO /LIBPATH:"F:\SFML\SFML-2.4.2\lib" "sfml-graphics.lib" "sfml-window.lib" "sfml-system.lib" "sfml-network.lib" "sfml-audio.lib" kernel32.lib user32.lib gdi32.lib winspool.lib comdlg32.lib advapi32.lib shell32.lib ole32.lib oleaut32.lib uuid.lib odbc32.lib odbccp32.lib /MANIFEST /ManifestFile:"Debug\Vectorbots.exe.intermediate.manifest" /MANIFESTUAC:"level='asInvoker' uiAccess='false'" /DEBUG /PDB:"F:\vectorbots\Debug\Vectorbots.pdb" /TLBID:1 /ENTRY:"mainCRTStartup" /DYNAMICBASE /NXCOMPAT /IMPLIB:"F:\vectorbots\Debug\Vectorbots.lib" /MACHINE:X86 Debug\main.obj
         Debug\vec3f.obj
         Tracking command:
         C:\Program Files (x86)\Microsoft SDKs\Windows\v8.0A\bin\NETFX 4.0 Tools\Tracker.exe /a /d C:\Windows\Microsoft.NET\Framework\v4.0.30319\FileTracker.dll /i F:\vectorbots\Debug /r "F:\VECTORBOTS\DEBUG\MAIN.OBJ|F:\VECTORBOTS\DEBUG\VEC3F.OBJ" /b MSBuildConsole_CancelEventea3a199a3bb24311a1049d70e9d4b120  /c "C:\Program Files (x86)\Microsoft Visual Studio 10.0\VC\bin\link.exe"  /ERRORREPORT:PROMPT /OUT:"F:\vectorbots\Debug\Vectorbots.exe" /NOLOGO /LIBPATH:"F:\SFML\SFML-2.4.2\lib" "sfml-graphics.lib" "sfml-window.lib" "sfml-system.lib" "sfml-network.lib" "sfml-audio.lib" kernel32.lib user32.lib gdi32.lib winspool.lib comdlg32.lib advapi32.lib shell32.lib ole32.lib oleaut32.lib uuid.lib odbc32.lib odbccp32.lib /MANIFEST /ManifestFile:"Debug\Vectorbots.exe.intermediate.manifest" /MANIFESTUAC:"level='asInvoker' uiAccess='false'" /DEBUG /PDB:"F:\vectorbots\Debug\Vectorbots.pdb" /TLBID:1 /ENTRY:"mainCRTStartup" /DYNAMICBASE /NXCOMPAT /IMPLIB:"F:\vectorbots\Debug\Vectorbots.lib" /MACHINE:X86 Debug\main.obj
         Debug\vec3f.obj
            Creating library F:\vectorbots\Debug\Vectorbots.lib and object F:\vectorbots\Debug\Vectorbots.exp
       Done executing task "Link".
       Task "Message"
         Vectorbots.vcxproj -> F:\vectorbots\Debug\Vectorbots.exe
       Done executing task "Message".
     1>Done building target "Link" in project "Vectorbots.vcxproj".
     1>Target "_DetermineManagedStateForLink" in file "C:\Program Files (x86)\MSBuild\Microsoft.Cpp\v4.0\Microsoft.CppBuild.targets" from project "F:\vectorbots\Vectorbots.vcxproj" (target "_Link" depends on it):
     1>Done building target "_DetermineManagedStateForLink" in project "Vectorbots.vcxproj".
       Target "MetaGenInputsOutputs" skipped, due to false condition; ('$(EnableManagedIncrementalBuild)' == 'True') was evaluated as ('false' == 'True').
       Target "ComputeMetaGenInputs" skipped, due to false condition; ('$(CLRSupport)'!='' and '$(CLRSupport)'!='false') was evaluated as ('false'!='' and 'false'!='false').
       Target "MetaGen" skipped, due to false condition; ('@(MetaGen)' != '') was evaluated as ('' != '').
     1>Target "ComputeLinkImportLibraryOutputsForClean" in file "C:\Program Files (x86)\MSBuild\Microsoft.Cpp\v4.0\Microsoft.CppBuild.targets" from project "F:\vectorbots\Vectorbots.vcxproj" (target "_Link" depends on it):
       Task "WriteLinesToFile"
       Done executing task "WriteLinesToFile".
     1>Done building target "ComputeLinkImportLibraryOutputsForClean" in project "Vectorbots.vcxproj".
     1>Target "AfterLink" in file "C:\Program Files (x86)\MSBuild\Microsoft.Cpp\v4.0\Microsoft.CppBuild.targets" from project "F:\vectorbots\Vectorbots.vcxproj" (target "_Link" depends on it):
     1>Done building target "AfterLink" in project "Vectorbots.vcxproj".
     1>Target "_Link" in file "C:\Program Files (x86)\MSBuild\Microsoft.Cpp\v4.0\Microsoft.CppBuild.targets" from project "F:\vectorbots\Vectorbots.vcxproj" (target "BuildLink" depends on it):
     1>Done building target "_Link" in project "Vectorbots.vcxproj".
     1>Target "_ALink" in file "C:\Program Files (x86)\MSBuild\Microsoft.Cpp\v4.0\Microsoft.CppBuild.targets" from project "F:\vectorbots\Vectorbots.vcxproj" (target "BuildLink" depends on it):
     1>Done building target "_ALink" in project "Vectorbots.vcxproj".
       Target "ComputeManifestInputsTargets" skipped. Previously built successfully.
     1>Target "MakeDirsForManifest" in file "C:\Program Files (x86)\MSBuild\Microsoft.Cpp\v4.0\Microsoft.CppCommon.targets" from project "F:\vectorbots\Vectorbots.vcxproj" (target "Manifest" depends on it):
       Task "MakeDir"
       Done executing task "MakeDir".
     1>Done building target "MakeDirsForManifest" in project "Vectorbots.vcxproj".
     1>Target "Manifest" in file "C:\Program Files (x86)\MSBuild\Microsoft.Cpp\v4.0\Microsoft.CppCommon.targets" from project "F:\vectorbots\Vectorbots.vcxproj" (target "_Manifest" depends on it):
       Task "Delete" skipped, due to false condition; (('$(BuildType)' != 'Build' or '$(ForceRebuild)' == 'true') and '$(EmbedManifestby)'=='LINK') was evaluated as (('Rebuild' != 'Build' or '' == 'true') and 'MT'=='LINK').
       Using "Mt" task from assembly "Microsoft.Build.CppTasks.Common, Version=4.0.0.0, Culture=neutral, PublicKeyToken=b03f5f7f11d50a3a".
       Task "Mt"
         C:\Program Files (x86)\Microsoft SDKs\Windows\v7.0A\bin\mt.exe /nologo /verbose /outputresource:"F:\vectorbots\Debug\Vectorbots.exe;#1" /manifest Debug\Vectorbots.exe.intermediate.manifest
         Tracking command:
         C:\Program Files (x86)\Microsoft SDKs\Windows\v8.0A\bin\NETFX 4.0 Tools\Tracker.exe /d C:\Windows\Microsoft.NET\Framework\v4.0.30319\FileTracker.dll /i F:\vectorbots\Debug /r F:\VECTORBOTS\DEBUG\VECTORBOTS.EXE.INTERMEDIATE.MANIFEST /b MSBuildConsole_CancelEvent36cb0ab492e84efdb74388c200380791  /c "C:\Program Files (x86)\Microsoft SDKs\Windows\v7.0A\bin\mt.exe"  /nologo /verbose /outputresource:"F:\vectorbots\Debug\Vectorbots.exe;#1" /manifest Debug\Vectorbots.exe.intermediate.manifest
       Done executing task "Mt".
       Task "RC" skipped, due to false condition; ('$(EmbedManifestby)'=='LINK') was evaluated as ('MT'=='LINK').
     1>Done building target "Manifest" in project "Vectorbots.vcxproj".
       Target "ComputeManifestGeneratedLinkerInputs" skipped. Previously built successfully.
     1>Target "_Manifest" in file "C:\Program Files (x86)\MSBuild\Microsoft.Cpp\v4.0\Microsoft.CppBuild.targets" from project "F:\vectorbots\Vectorbots.vcxproj" (target "BuildLink" depends on it):
     1>Done building target "_Manifest" in project "Vectorbots.vcxproj".
     1>Target "RegisterOutput" in file "C:\Program Files (x86)\MSBuild\Microsoft.Cpp\v4.0\Microsoft.CppCommon.targets" from project "F:\vectorbots\Vectorbots.vcxproj" (target "BuildLink" depends on it):
       Task "Exec" skipped, due to false condition; ('$(ConfigurationType)'=='DynamicLibrary' and '%(Link.RegisterOutput)'=='true' and '%(Link.PerUserRedirection)'!='true') was evaluated as ('Application'=='DynamicLibrary' and 'false'=='true' and 'false'!='true').
       Task "Exec" skipped, due to false condition; ('$(ConfigurationType)'=='DynamicLibrary' and '%(Link.RegisterOutput)'=='true' and '%(Link.PerUserRedirection)'=='true') was evaluated as ('Application'=='DynamicLibrary' and 'false'=='true' and 'false'=='true').
       Task "Exec" skipped, due to false condition; ('$(ConfigurationType)'=='Application' and '%(Link.RegisterOutput)'=='true' and '%(Link.PerUserRedirection)'!='true') was evaluated as ('Application'=='Application' and 'false'=='true' and 'false'!='true').
       Task "Exec" skipped, due to false condition; ('$(ConfigurationType)'=='Application' and '%(Link.RegisterOutput)'=='true' and '%(Link.PerUserRedirection)'=='true') was evaluated as ('Application'=='Application' and 'false'=='true' and 'false'=='true').
       Task "VCMessage" skipped, due to false condition; ('$(_RegisterOutputExitCode)' != '' and '$(_RegisterOutputExitCode)' != '0') was evaluated as ('' != '' and '' != '0').
     1>Done building target "RegisterOutput" in project "Vectorbots.vcxproj".
     1>Target "ComputeCLCompileGeneratedXDCFiles" in file "C:\Program Files (x86)\MSBuild\Microsoft.Cpp\v4.0\Microsoft.CppBuild.targets" from project "F:\vectorbots\Vectorbots.vcxproj" (target "_XdcMake" depends on it):
     1>Done building target "ComputeCLCompileGeneratedXDCFiles" in project "Vectorbots.vcxproj".
       Target "SetBuildDefaultEnvironmentVariables" skipped. Previously built successfully.
       Target "SetUserMacroEnvironmentVariables" skipped, due to false condition; ('@(BuildMacro)' != '') was evaluated as ('' != '').
       Target "PrepareForBuild" skipped. Previously built successfully.
       Target "ResolveReferences" skipped. Previously built successfully.
     1>Target "ResolvedXDCMake" in file "C:\Program Files (x86)\MSBuild\Microsoft.Cpp\v4.0\Microsoft.CppBuild.targets" from project "F:\vectorbots\Vectorbots.vcxproj" (target "_XdcMake" depends on it):
       Task "MSBuild" skipped, due to false condition; ('%(_MSBuildProjectReferenceExistent.Extension)' == '.vcxproj' and '@(ProjectReferenceWithConfiguration)' != '' and '@(_MSBuildProjectReferenceExistent)' != '' and '$(_ClCompileGenerateXMLDocumentationFiles)' == 'true') was evaluated as ('' == '.vcxproj' and '' != '' and '' != '' and '' == 'true').
     1>Done building target "ResolvedXDCMake" in project "Vectorbots.vcxproj".
     1>Target "MakeDirsForXdcMake" in file "C:\Program Files (x86)\MSBuild\Microsoft.Cpp\v4.0\Microsoft.CppBuild.targets" from project "F:\vectorbots\Vectorbots.vcxproj" (target "_XdcMake" depends on it):
       Task "MakeDir"
       Done executing task "MakeDir".
     1>Done building target "MakeDirsForXdcMake" in project "Vectorbots.vcxproj".
       Target "XdcMake" skipped, due to false condition; ('@(XdcMake)' != '') was evaluated as ('' != '').
     1>Target "_XdcMake" in file "C:\Program Files (x86)\MSBuild\Microsoft.Cpp\v4.0\Microsoft.CppBuild.targets" from project "F:\vectorbots\Vectorbots.vcxproj" (target "BuildLink" depends on it):
     1>Done building target "_XdcMake" in project "Vectorbots.vcxproj".
     1>Target "ComputeCLCompileGeneratedSbrFiles" in file "C:\Program Files (x86)\MSBuild\Microsoft.Cpp\v4.0\Microsoft.CppBuild.targets" from project "F:\vectorbots\Vectorbots.vcxproj" (target "_BscMake" depends on it):
     1>Done building target "ComputeCLCompileGeneratedSbrFiles" in project "Vectorbots.vcxproj".
     1>Target "MakeDirsForBscMake" in file "C:\Program Files (x86)\MSBuild\Microsoft.Cpp\v4.0\Microsoft.CppBuild.targets" from project "F:\vectorbots\Vectorbots.vcxproj" (target "_BscMake" depends on it):
       Task "MakeDir"
       Done executing task "MakeDir".
     1>Done building target "MakeDirsForBscMake" in project "Vectorbots.vcxproj".
       Target "BscMake" skipped, due to false condition; ('@(BscMake)' != '') was evaluated as ('' != '').
       Target "CustomBuildStep" skipped, due to false condition; ('@(CustomBuildStep)' != '' and '$(SelectedFiles)'=='') was evaluated as ('' != '' and ''=='').
     1>Target "_BscMake" in file "C:\Program Files (x86)\MSBuild\Microsoft.Cpp\v4.0\Microsoft.CppBuild.targets" from project "F:\vectorbots\Vectorbots.vcxproj" (target "BuildLink" depends on it):
     1>Done building target "_BscMake" in project "Vectorbots.vcxproj".
     1>Target "_GenerateSatelliteAssemblyInputs" in file "C:\Windows\Microsoft.NET\Framework\v4.0.30319\Microsoft.Common.Targets" from project "F:\vectorbots\Vectorbots.vcxproj" (target "CreateSatelliteAssemblies" depends on it):
       Task "Warning" skipped, due to false condition; ('@(ManifestResourceWithCulture)'!='' and '%(ManifestResourceWithCulture.EmittedForCompatibilityOnly)'=='') was evaluated as (''!='' and ''=='').
       Task "Warning" skipped, due to false condition; ('@(ManifestNonResxWithCultureOnDisk)'!='' and '%(ManifestNonResxWithCultureOnDisk.EmittedForCompatibilityOnly)'=='') was evaluated as (''!='' and ''=='').
     1>Done building target "_GenerateSatelliteAssemblyInputs" in project "Vectorbots.vcxproj".
       Target "ComputeIntermediateSatelliteAssemblies" skipped, due to false condition; (@(ReferenceSatellitePaths->'%(DestinationSubDirectory)') != '') was evaluated as ( != '').
       Target "GenerateSatelliteAssemblies" skipped, due to false condition; ('@(_SatelliteAssemblyResourceInputs)' != '') was evaluated as ('' != '').
     1>Target "CreateSatelliteAssemblies" in file "C:\Windows\Microsoft.NET\Framework\v4.0.30319\Microsoft.Common.Targets" from project "F:\vectorbots\Vectorbots.vcxproj" (target "BuildLink" depends on it):
     1>Done building target "CreateSatelliteAssemblies" in project "Vectorbots.vcxproj".
     1>Target "_Appverifier" in file "C:\Program Files (x86)\MSBuild\Microsoft.Cpp\v4.0\Microsoft.CppBuild.targets" from project "F:\vectorbots\Vectorbots.vcxproj" (target "BuildLink" depends on it):
     1>Done building target "_Appverifier" in project "Vectorbots.vcxproj".
     1>Target "_Deploy" in file "C:\Program Files (x86)\MSBuild\Microsoft.Cpp\v4.0\Microsoft.CppBuild.targets" from project "F:\vectorbots\Vectorbots.vcxproj" (target "BuildLink" depends on it):
     1>Done building target "_Deploy" in project "Vectorbots.vcxproj".
       Target "ComputeIntermediateSatelliteAssemblies" skipped, due to false condition; (@(ReferenceSatellitePaths->'%(DestinationSubDirectory)') != '') was evaluated as ( != '').
       Target "_CopyFilesMarkedCopyLocal" skipped, due to false condition; ('@(ReferenceCopyLocalPaths)' != '') was evaluated as ('' != '').
       Target "AssignTargetPaths" skipped. Previously built successfully.
       Target "_SplitProjectReferencesByFileExistence" skipped. Previously built successfully.
     1>Target "GetCopyToOutputDirectoryXamlAppDefs" in file "C:\Windows\Microsoft.NET\Framework\v4.0.30319\Microsoft.Xaml.targets" from project "F:\vectorbots\Vectorbots.vcxproj" (target "GetCopyToOutputDirectoryItems" depends on it):
       Task "AssignTargetPath"
       Done executing task "AssignTargetPath".
     1>Done building target "GetCopyToOutputDirectoryXamlAppDefs" in project "Vectorbots.vcxproj".
     1>Target "GetCopyToOutputDirectoryItems" in file "C:\Windows\Microsoft.NET\Framework\v4.0.30319\Microsoft.Common.Targets" from project "F:\vectorbots\Vectorbots.vcxproj" (target "_CopySourceItemsToOutputDirectory" depends on it):
       Task "MSBuild" skipped, due to false condition; ('@(_MSBuildProjectReferenceExistent)' != '' and '$(_GetChildProjectCopyToOutputDirectoryItems)' == 'true' and '%(_MSBuildProjectReferenceExistent.Private)' != 'false' and '$(UseCommonOutputDirectory)' != 'true') was evaluated as ('' != '' and 'true' == 'true' and '' != 'false' and 'false' != 'true').
       Task "AssignTargetPath"
       Done executing task "AssignTargetPath".
     1>Done building target "GetCopyToOutputDirectoryItems" in project "Vectorbots.vcxproj".
       Target "_CopyOutOfDateSourceItemsToOutputDirectory" skipped, due to false condition; ( '@(_SourceItemsToCopyToOutputDirectory)' != '' ) was evaluated as ( '' != '' ).
       Target "_CopyOutOfDateSourceItemsToOutputDirectoryAlways" skipped, due to false condition; ( '@(_SourceItemsToCopyToOutputDirectoryAlways)' != '' ) was evaluated as ( '' != '' ).
     1>Target "_CopySourceItemsToOutputDirectory" in file "C:\Windows\Microsoft.NET\Framework\v4.0.30319\Microsoft.Common.Targets" from project "F:\vectorbots\Vectorbots.vcxproj" (target "CopyFilesToOutputDirectory" depends on it):
     1>Done building target "_CopySourceItemsToOutputDirectory" in project "Vectorbots.vcxproj".
       Target "_CopyAppConfigFile" skipped, due to false condition; ( '@(AppConfigWithTargetPath)' != '' ) was evaluated as ( '' != '' ).
       Target "_CopyManifestFiles" skipped, due to false condition; ( '$(_DeploymentCopyApplicationManifest)'=='true' or '$(GenerateClickOnceManifests)'=='true' ) was evaluated as ( ''=='true' or ''=='true' ).
     1>Target "_CheckForCompileOutputs" in file "C:\Windows\Microsoft.NET\Framework\v4.0.30319\Microsoft.Common.Targets" from project "F:\vectorbots\Vectorbots.vcxproj" (target "CopyFilesToOutputDirectory" depends on it):
     1>Done building target "_CheckForCompileOutputs" in project "Vectorbots.vcxproj".
       Target "_SGenCheckForOutputs" skipped, due to false condition; ('$(_SGenGenerateSerializationAssembliesConfig)' == 'On' or ('@(WebReferenceUrl)'!='' and '$(_SGenGenerateSerializationAssembliesConfig)' == 'Auto')) was evaluated as ('Off' == 'On' or (''!='' and 'Off' == 'Auto')).
     1>Target "CopyFilesToOutputDirectory" in file "C:\Windows\Microsoft.NET\Framework\v4.0.30319\Microsoft.Common.Targets" from project "F:\vectorbots\Vectorbots.vcxproj" (target "BuildLink" depends on it):
       Task "Copy" skipped, due to false condition; ('$(CopyBuildOutputToOutputDirectory)' == 'true' and '$(SkipCopyBuildProduct)' != 'true') was evaluated as ('true' == 'true' and 'true' != 'true').
       Task "Message" skipped, due to false condition; ('$(CopyBuildOutputToOutputDirectory)' == 'true' and '$(SkipCopyBuildProduct)'!='true') was evaluated as ('true' == 'true' and 'true'!='true').
       Task "Copy" skipped, due to false condition; ('@(AddModules)' != '') was evaluated as ('' != '').
       Task "Copy" skipped, due to false condition; ('$(_SGenDllCreated)'=='true') was evaluated as ('false'=='true').
       Using "Copy" task from assembly "Microsoft.Build.Tasks.v4.0, Version=4.0.0.0, Culture=neutral, PublicKeyToken=b03f5f7f11d50a3a".
       Task "Copy"
         Did not copy from file "Debug\Vectorbots.pdb" to file "F:\vectorbots\Debug\Vectorbots.pdb" because the "SkipUnchangedFiles" parameter was set to "true" in the project and the files' sizes and timestamps match.
       Done executing task "Copy".
       Task "Copy" skipped, due to false condition; ('$(_DocumentationFileProduced)'=='true') was evaluated as ('false'=='true').
       Task "Copy" skipped, due to false condition; ('@(IntermediateSatelliteAssembliesWithTargetPath)' != '') was evaluated as ('' != '').
       Task "Copy" skipped, due to false condition; ('@(ReferenceComWrappersToCopyLocal)' != '' or '@(ResolvedIsolatedComModules)' != '' or '@(_DeploymentLooseManifestFile)' != '' or '@(NativeReferenceFile)' != '' ) was evaluated as ('' != '' or '' != '' or '' != '' or '' != '' ).
       Task "Copy" skipped, due to false condition; ('$(SkipCopyWinMDArtifact)' != 'true' and '@(WinMDExpArtifacts)' != '') was evaluated as ('' != 'true' and '' != '').
       Task "Message" skipped, due to false condition; ('$(SkipCopyWinMDArtifact)' != 'true' and '$(_WindowsMetadataOutputPath)' != '') was evaluated as ('' != 'true' and '' != '').
     1>Done building target "CopyFilesToOutputDirectory" in project "Vectorbots.vcxproj".
       Target "CustomBuildStep" skipped, due to false condition; ('@(CustomBuildStep)' != '' and '$(SelectedFiles)'=='') was evaluated as ('' != '' and ''=='').
     1>Target "PostBuildEvent" in file "C:\Program Files (x86)\MSBuild\Microsoft.Cpp\v4.0\Microsoft.CppCommon.targets" from project "F:\vectorbots\Vectorbots.vcxproj" (target "BuildLink" depends on it):
       Task "Message" skipped, due to false condition; ('%(PostBuildEvent.Message)' != '' and '%(PostBuildEvent.Command)' != '') was evaluated as ('' != '' and '' != '').
       Task "Exec" skipped, due to false condition; ('%(PostBuildEvent.Command)' != '') was evaluated as ('' != '').
     1>Done building target "PostBuildEvent" in project "Vectorbots.vcxproj".
     1>Target "BuildLink" in file "C:\Windows\Microsoft.NET\Framework\v4.0.30319\Microsoft.Common.Targets" from project "F:\vectorbots\Vectorbots.vcxproj" (target "Build" depends on it):
     1>Done building target "BuildLink" in project "Vectorbots.vcxproj".
     1>Target "AfterBuild" in file "C:\Program Files (x86)\MSBuild\Microsoft.Cpp\v4.0\Microsoft.BuildSteps.Targets" from project "F:\vectorbots\Vectorbots.vcxproj" (target "Build" depends on it):
     1>Done building target "AfterBuild" in project "Vectorbots.vcxproj".
     1>Target "FinalizeBuildStatus" in file "C:\Program Files (x86)\MSBuild\Microsoft.Cpp\v4.0\Microsoft.CppBuild.targets" from project "F:\vectorbots\Vectorbots.vcxproj" (target "Build" depends on it):
       Task "Delete"
         Deleting file "Debug\Vectorbots.unsuccessfulbuild".
       Done executing task "Delete".
       Task "Touch"
         Touching "Debug\Vectorbots.lastbuildstate".
       Done executing task "Touch".
     1>Done building target "FinalizeBuildStatus" in project "Vectorbots.vcxproj".
     1>Target "Build" in file "C:\Program Files (x86)\MSBuild\Microsoft.Cpp\v4.0\Microsoft.BuildSteps.Targets" from project "F:\vectorbots\Vectorbots.vcxproj" (target "Rebuild" depends on it):
     1>Done building target "Build" in project "Vectorbots.vcxproj".
     1>Target "AfterRebuild" in file "C:\Windows\Microsoft.NET\Framework\v4.0.30319\Microsoft.Common.Targets" from project "F:\vectorbots\Vectorbots.vcxproj" (target "Rebuild" depends on it):
     1>Done building target "AfterRebuild" in project "Vectorbots.vcxproj".
     1>Target "Rebuild" in file "C:\Program Files (x86)\MSBuild\Microsoft.Cpp\v4.0\Microsoft.BuildSteps.Targets" from project "F:\vectorbots\Vectorbots.vcxproj" (entry point):
     1>Done building target "Rebuild" in project "Vectorbots.vcxproj".
     1>Done Building Project "F:\vectorbots\Vectorbots.vcxproj" (rebuild target(s)).

Build succeeded.

Time Elapsed 00:00:02.42
